[WARNING] 2016-05-09 15:21:03 easyon.server.netty.Server.run()
java.net.BindException: Address already in use: bind
	at sun.nio.ch.Net.bind0(Native Method)
	at sun.nio.ch.Net.bind(Unknown Source)
	at sun.nio.ch.Net.bind(Unknown Source)
	at sun.nio.ch.ServerSocketChannelImpl.bind(Unknown Source)
	at sun.nio.ch.ServerSocketAdaptor.bind(Unknown Source)
	at io.netty.channel.socket.nio.NioServerSocketChannel.doBind(NioServerSocketChannel.java:125)
	at io.netty.channel.AbstractChannel$AbstractUnsafe.bind(AbstractChannel.java:485)
	at io.netty.channel.DefaultChannelPipeline$HeadContext.bind(DefaultChannelPipeline.java:1089)
	at io.netty.channel.AbstractChannelHandlerContext.invokeBind(AbstractChannelHandlerContext.java:430)
	at io.netty.channel.AbstractChannelHandlerContext.bind(AbstractChannelHandlerContext.java:415)
	at io.netty.channel.DefaultChannelPipeline.bind(DefaultChannelPipeline.java:903)
	at io.netty.channel.AbstractChannel.bind(AbstractChannel.java:198)
	at io.netty.bootstrap.AbstractBootstrap$2.run(AbstractBootstrap.java:348)
	at io.netty.util.concurrent.SingleThreadEventExecutor.runAllTasks(SingleThreadEventExecutor.java:356)
	at io.netty.channel.nio.NioEventLoop.run(NioEventLoop.java:357)
	at io.netty.util.concurrent.SingleThreadEventExecutor$2.run(SingleThreadEventExecutor.java:110)
	at io.netty.util.concurrent.DefaultThreadFactory$DefaultRunnableDecorator.run(DefaultThreadFactory.java:137)
	at java.lang.Thread.run(Unknown Source)


