[WARNING] 2016-05-08 20:30:07 easyon.db.UsersBuddyTable.getBuddys()
com.mysql.jdbc.exceptions.jdbc4.MySQLSyntaxErrorException: Unknown column 'b.buddy_no' in 'where clause'
	at sun.reflect.NativeConstructorAccessorImpl.newInstance0(Native Method)
	at sun.reflect.NativeConstructorAccessorImpl.newInstance(Unknown Source)
	at sun.reflect.DelegatingConstructorAccessorImpl.newInstance(Unknown Source)
	at java.lang.reflect.Constructor.newInstance(Unknown Source)
	at com.mysql.jdbc.Util.handleNewInstance(Util.java:406)
	at com.mysql.jdbc.Util.getInstance(Util.java:381)
	at com.mysql.jdbc.SQLError.createSQLException(SQLError.java:1030)
	at com.mysql.jdbc.SQLError.createSQLException(SQLError.java:956)
	at com.mysql.jdbc.MysqlIO.checkErrorPacket(MysqlIO.java:3515)
	at com.mysql.jdbc.MysqlIO.checkErrorPacket(MysqlIO.java:3447)
	at com.mysql.jdbc.MysqlIO.sendCommand(MysqlIO.java:1951)
	at com.mysql.jdbc.MysqlIO.sqlQueryDirect(MysqlIO.java:2101)
	at com.mysql.jdbc.ConnectionImpl.execSQL(ConnectionImpl.java:2554)
	at com.mysql.jdbc.PreparedStatement.executeInternal(PreparedStatement.java:1761)
	at com.mysql.jdbc.PreparedStatement.executeQuery(PreparedStatement.java:1912)
	at com.mchange.v2.c3p0.impl.NewProxyPreparedStatement.executeQuery(NewProxyPreparedStatement.java:76)
	at easyon.db.UsersBuddyTable.getBuddys(UsersBuddyTable.java:37)
	at easyon.packet.client.C_Login.<init>(C_Login.java:24)
	at easyon.server.EasyClient.packetHandler(EasyClient.java:108)
	at easyon.server.EasyClient.access$5(EasyClient.java:95)
	at easyon.server.EasyClient$PacketFactory.run(EasyClient.java:133)
	at java.util.concurrent.ThreadPoolExecutor.runWorker(Unknown Source)
	at java.util.concurrent.ThreadPoolExecutor$Worker.run(Unknown Source)
	at java.lang.Thread.run(Unknown Source)


[WARNING] 2016-05-09 11:48:18 easyon.server.packet.clientPacket.ReadPacket.readBytes()
java.lang.ArrayIndexOutOfBoundsException
	at java.lang.System.arraycopy(Native Method)
	at easyon.server.packet.clientPacket.ReadPacket.readBytes(ReadPacket.java:67)
	at easyon.server.packet.clientPacket.C_UpdateMyInfo.<init>(C_UpdateMyInfo.java:14)
	at easyon.server.EasyClient.packetHandler(EasyClient.java:125)
	at easyon.server.EasyClient.access$4(EasyClient.java:108)
	at easyon.server.EasyClient$PacketFactory.run(EasyClient.java:150)
	at java.util.concurrent.ThreadPoolExecutor.runWorker(Unknown Source)
	at java.util.concurrent.ThreadPoolExecutor$Worker.run(Unknown Source)
	at java.lang.Thread.run(Unknown Source)


[WARNING] 2016-05-09 11:56:04 easyon.server.netty.WorkerHandler.channelRead()
java.lang.ArrayIndexOutOfBoundsException
	at java.lang.System.arraycopy(Native Method)
	at easyon.server.netty.WorkerHandler.channelRead(WorkerHandler.java:87)
	at io.netty.channel.AbstractChannelHandlerContext.invokeChannelRead(AbstractChannelHandlerContext.java:308)
	at io.netty.channel.AbstractChannelHandlerContext.fireChannelRead(AbstractChannelHandlerContext.java:294)
	at io.netty.channel.DefaultChannelPipeline.fireChannelRead(DefaultChannelPipeline.java:846)
	at io.netty.channel.nio.AbstractNioByteChannel$NioByteUnsafe.read(AbstractNioByteChannel.java:131)
	at io.netty.channel.nio.NioEventLoop.processSelectedKey(NioEventLoop.java:511)
	at io.netty.channel.nio.NioEventLoop.processSelectedKeysOptimized(NioEventLoop.java:468)
	at io.netty.channel.nio.NioEventLoop.processSelectedKeys(NioEventLoop.java:382)
	at io.netty.channel.nio.NioEventLoop.run(NioEventLoop.java:354)
	at io.netty.util.concurrent.SingleThreadEventExecutor$2.run(SingleThreadEventExecutor.java:110)
	at io.netty.util.concurrent.DefaultThreadFactory$DefaultRunnableDecorator.run(DefaultThreadFactory.java:137)
	at java.lang.Thread.run(Unknown Source)


[WARNING] 2016-05-09 11:57:19 easyon.server.netty.WorkerHandler.channelRead()
java.lang.ArrayIndexOutOfBoundsException
	at java.lang.System.arraycopy(Native Method)
	at easyon.server.netty.WorkerHandler.channelRead(WorkerHandler.java:87)
	at io.netty.channel.AbstractChannelHandlerContext.invokeChannelRead(AbstractChannelHandlerContext.java:308)
	at io.netty.channel.AbstractChannelHandlerContext.fireChannelRead(AbstractChannelHandlerContext.java:294)
	at io.netty.channel.DefaultChannelPipeline.fireChannelRead(DefaultChannelPipeline.java:846)
	at io.netty.channel.nio.AbstractNioByteChannel$NioByteUnsafe.read(AbstractNioByteChannel.java:131)
	at io.netty.channel.nio.NioEventLoop.processSelectedKey(NioEventLoop.java:511)
	at io.netty.channel.nio.NioEventLoop.processSelectedKeysOptimized(NioEventLoop.java:468)
	at io.netty.channel.nio.NioEventLoop.processSelectedKeys(NioEventLoop.java:382)
	at io.netty.channel.nio.NioEventLoop.run(NioEventLoop.java:354)
	at io.netty.util.concurrent.SingleThreadEventExecutor$2.run(SingleThreadEventExecutor.java:110)
	at io.netty.util.concurrent.DefaultThreadFactory$DefaultRunnableDecorator.run(DefaultThreadFactory.java:137)
	at java.lang.Thread.run(Unknown Source)


[WARNING] 2016-05-09 11:59:56 easyon.server.netty.WorkerHandler.channelRead()
java.lang.ArrayIndexOutOfBoundsException
	at java.lang.System.arraycopy(Native Method)
	at easyon.server.netty.WorkerHandler.channelRead(WorkerHandler.java:88)
	at io.netty.channel.AbstractChannelHandlerContext.invokeChannelRead(AbstractChannelHandlerContext.java:308)
	at io.netty.channel.AbstractChannelHandlerContext.fireChannelRead(AbstractChannelHandlerContext.java:294)
	at io.netty.channel.DefaultChannelPipeline.fireChannelRead(DefaultChannelPipeline.java:846)
	at io.netty.channel.nio.AbstractNioByteChannel$NioByteUnsafe.read(AbstractNioByteChannel.java:131)
	at io.netty.channel.nio.NioEventLoop.processSelectedKey(NioEventLoop.java:511)
	at io.netty.channel.nio.NioEventLoop.processSelectedKeysOptimized(NioEventLoop.java:468)
	at io.netty.channel.nio.NioEventLoop.processSelectedKeys(NioEventLoop.java:382)
	at io.netty.channel.nio.NioEventLoop.run(NioEventLoop.java:354)
	at io.netty.util.concurrent.SingleThreadEventExecutor$2.run(SingleThreadEventExecutor.java:110)
	at io.netty.util.concurrent.DefaultThreadFactory$DefaultRunnableDecorator.run(DefaultThreadFactory.java:137)
	at java.lang.Thread.run(Unknown Source)


[WARNING] 2016-05-10 16:36:54 easyon.db.UsersBuddyTable.getBuddys()
com.mysql.jdbc.exceptions.jdbc4.MySQLSyntaxErrorException: You have an error in your SQL syntax; check the manual that corresponds to your MySQL server version for the right syntax to use near 'group FROM users_buddy WHERE userNo=1' at line 1
	at sun.reflect.NativeConstructorAccessorImpl.newInstance0(Native Method)
	at sun.reflect.NativeConstructorAccessorImpl.newInstance(Unknown Source)
	at sun.reflect.DelegatingConstructorAccessorImpl.newInstance(Unknown Source)
	at java.lang.reflect.Constructor.newInstance(Unknown Source)
	at com.mysql.jdbc.Util.handleNewInstance(Util.java:406)
	at com.mysql.jdbc.Util.getInstance(Util.java:381)
	at com.mysql.jdbc.SQLError.createSQLException(SQLError.java:1030)
	at com.mysql.jdbc.SQLError.createSQLException(SQLError.java:956)
	at com.mysql.jdbc.MysqlIO.checkErrorPacket(MysqlIO.java:3515)
	at com.mysql.jdbc.MysqlIO.checkErrorPacket(MysqlIO.java:3447)
	at com.mysql.jdbc.MysqlIO.sendCommand(MysqlIO.java:1951)
	at com.mysql.jdbc.MysqlIO.sqlQueryDirect(MysqlIO.java:2101)
	at com.mysql.jdbc.ConnectionImpl.execSQL(ConnectionImpl.java:2554)
	at com.mysql.jdbc.PreparedStatement.executeInternal(PreparedStatement.java:1761)
	at com.mysql.jdbc.PreparedStatement.executeQuery(PreparedStatement.java:1912)
	at com.mchange.v2.c3p0.impl.NewProxyPreparedStatement.executeQuery(NewProxyPreparedStatement.java:76)
	at easyon.db.UsersBuddyTable.getBuddys(UsersBuddyTable.java:38)
	at easyon.object.model.User.login(User.java:145)
	at easyon.server.packet.clientPacket.C_Login.<init>(C_Login.java:29)
	at easyon.server.EasyClient.packetHandler(EasyClient.java:123)
	at easyon.server.EasyClient.access$4(EasyClient.java:109)
	at easyon.server.EasyClient$PacketFactory.run(EasyClient.java:151)
	at java.util.concurrent.ThreadPoolExecutor.runWorker(Unknown Source)
	at java.util.concurrent.ThreadPoolExecutor$Worker.run(Unknown Source)
	at java.lang.Thread.run(Unknown Source)


[WARNING] 2016-05-10 16:38:31 easyon.db.UsersBuddyTable.getBuddys()
com.mysql.jdbc.exceptions.jdbc4.MySQLSyntaxErrorException: You have an error in your SQL syntax; check the manual that corresponds to your MySQL server version for the right syntax to use near 'group FROM users_buddy WHERE userNo=1' at line 1
	at sun.reflect.NativeConstructorAccessorImpl.newInstance0(Native Method)
	at sun.reflect.NativeConstructorAccessorImpl.newInstance(Unknown Source)
	at sun.reflect.DelegatingConstructorAccessorImpl.newInstance(Unknown Source)
	at java.lang.reflect.Constructor.newInstance(Unknown Source)
	at com.mysql.jdbc.Util.handleNewInstance(Util.java:406)
	at com.mysql.jdbc.Util.getInstance(Util.java:381)
	at com.mysql.jdbc.SQLError.createSQLException(SQLError.java:1030)
	at com.mysql.jdbc.SQLError.createSQLException(SQLError.java:956)
	at com.mysql.jdbc.MysqlIO.checkErrorPacket(MysqlIO.java:3515)
	at com.mysql.jdbc.MysqlIO.checkErrorPacket(MysqlIO.java:3447)
	at com.mysql.jdbc.MysqlIO.sendCommand(MysqlIO.java:1951)
	at com.mysql.jdbc.MysqlIO.sqlQueryDirect(MysqlIO.java:2101)
	at com.mysql.jdbc.ConnectionImpl.execSQL(ConnectionImpl.java:2554)
	at com.mysql.jdbc.PreparedStatement.executeInternal(PreparedStatement.java:1761)
	at com.mysql.jdbc.PreparedStatement.executeQuery(PreparedStatement.java:1912)
	at com.mchange.v2.c3p0.impl.NewProxyPreparedStatement.executeQuery(NewProxyPreparedStatement.java:76)
	at easyon.db.UsersBuddyTable.getBuddys(UsersBuddyTable.java:38)
	at easyon.object.model.User.login(User.java:145)
	at easyon.server.packet.clientPacket.C_Login.<init>(C_Login.java:29)
	at easyon.server.EasyClient.packetHandler(EasyClient.java:123)
	at easyon.server.EasyClient.access$4(EasyClient.java:109)
	at easyon.server.EasyClient$PacketFactory.run(EasyClient.java:151)
	at java.util.concurrent.ThreadPoolExecutor.runWorker(Unknown Source)
	at java.util.concurrent.ThreadPoolExecutor$Worker.run(Unknown Source)
	at java.lang.Thread.run(Unknown Source)


[WARNING] 2016-05-10 16:39:11 easyon.db.UsersBuddyTable.getBuddys()
com.mysql.jdbc.exceptions.jdbc4.MySQLSyntaxErrorException: You have an error in your SQL syntax; check the manual that corresponds to your MySQL server version for the right syntax to use near 'group FROM users_buddy WHERE userNo=1' at line 1
	at sun.reflect.NativeConstructorAccessorImpl.newInstance0(Native Method)
	at sun.reflect.NativeConstructorAccessorImpl.newInstance(Unknown Source)
	at sun.reflect.DelegatingConstructorAccessorImpl.newInstance(Unknown Source)
	at java.lang.reflect.Constructor.newInstance(Unknown Source)
	at com.mysql.jdbc.Util.handleNewInstance(Util.java:406)
	at com.mysql.jdbc.Util.getInstance(Util.java:381)
	at com.mysql.jdbc.SQLError.createSQLException(SQLError.java:1030)
	at com.mysql.jdbc.SQLError.createSQLException(SQLError.java:956)
	at com.mysql.jdbc.MysqlIO.checkErrorPacket(MysqlIO.java:3515)
	at com.mysql.jdbc.MysqlIO.checkErrorPacket(MysqlIO.java:3447)
	at com.mysql.jdbc.MysqlIO.sendCommand(MysqlIO.java:1951)
	at com.mysql.jdbc.MysqlIO.sqlQueryDirect(MysqlIO.java:2101)
	at com.mysql.jdbc.ConnectionImpl.execSQL(ConnectionImpl.java:2554)
	at com.mysql.jdbc.PreparedStatement.executeInternal(PreparedStatement.java:1761)
	at com.mysql.jdbc.PreparedStatement.executeQuery(PreparedStatement.java:1912)
	at com.mchange.v2.c3p0.impl.NewProxyPreparedStatement.executeQuery(NewProxyPreparedStatement.java:76)
	at easyon.db.UsersBuddyTable.getBuddys(UsersBuddyTable.java:38)
	at easyon.object.model.User.login(User.java:145)
	at easyon.server.packet.clientPacket.C_Login.<init>(C_Login.java:29)
	at easyon.server.EasyClient.packetHandler(EasyClient.java:123)
	at easyon.server.EasyClient.access$4(EasyClient.java:109)
	at easyon.server.EasyClient$PacketFactory.run(EasyClient.java:151)
	at java.util.concurrent.ThreadPoolExecutor.runWorker(Unknown Source)
	at java.util.concurrent.ThreadPoolExecutor$Worker.run(Unknown Source)
	at java.lang.Thread.run(Unknown Source)


[WARNING] 2016-05-10 16:41:27 easyon.db.UsersBuddyTable.getBuddys()
com.mysql.jdbc.exceptions.jdbc4.MySQLSyntaxErrorException: You have an error in your SQL syntax; check the manual that corresponds to your MySQL server version for the right syntax to use near 'group FROM users_buddy WHERE userNo=1' at line 1
	at sun.reflect.NativeConstructorAccessorImpl.newInstance0(Native Method)
	at sun.reflect.NativeConstructorAccessorImpl.newInstance(Unknown Source)
	at sun.reflect.DelegatingConstructorAccessorImpl.newInstance(Unknown Source)
	at java.lang.reflect.Constructor.newInstance(Unknown Source)
	at com.mysql.jdbc.Util.handleNewInstance(Util.java:406)
	at com.mysql.jdbc.Util.getInstance(Util.java:381)
	at com.mysql.jdbc.SQLError.createSQLException(SQLError.java:1030)
	at com.mysql.jdbc.SQLError.createSQLException(SQLError.java:956)
	at com.mysql.jdbc.MysqlIO.checkErrorPacket(MysqlIO.java:3515)
	at com.mysql.jdbc.MysqlIO.checkErrorPacket(MysqlIO.java:3447)
	at com.mysql.jdbc.MysqlIO.sendCommand(MysqlIO.java:1951)
	at com.mysql.jdbc.MysqlIO.sqlQueryDirect(MysqlIO.java:2101)
	at com.mysql.jdbc.ConnectionImpl.execSQL(ConnectionImpl.java:2554)
	at com.mysql.jdbc.PreparedStatement.executeInternal(PreparedStatement.java:1761)
	at com.mysql.jdbc.PreparedStatement.executeQuery(PreparedStatement.java:1912)
	at com.mchange.v2.c3p0.impl.NewProxyPreparedStatement.executeQuery(NewProxyPreparedStatement.java:76)
	at easyon.db.UsersBuddyTable.getBuddys(UsersBuddyTable.java:38)
	at easyon.app.Main.main(Main.java:46)


[WARNING] 2016-05-10 16:42:36 easyon.db.UsersBuddyTable.getBuddys()
com.mysql.jdbc.exceptions.jdbc4.MySQLSyntaxErrorException: You have an error in your SQL syntax; check the manual that corresponds to your MySQL server version for the right syntax to use near 'group FROM users_buddy WHERE userNo=1' at line 1
	at sun.reflect.NativeConstructorAccessorImpl.newInstance0(Native Method)
	at sun.reflect.NativeConstructorAccessorImpl.newInstance(Unknown Source)
	at sun.reflect.DelegatingConstructorAccessorImpl.newInstance(Unknown Source)
	at java.lang.reflect.Constructor.newInstance(Unknown Source)
	at com.mysql.jdbc.Util.handleNewInstance(Util.java:406)
	at com.mysql.jdbc.Util.getInstance(Util.java:381)
	at com.mysql.jdbc.SQLError.createSQLException(SQLError.java:1030)
	at com.mysql.jdbc.SQLError.createSQLException(SQLError.java:956)
	at com.mysql.jdbc.MysqlIO.checkErrorPacket(MysqlIO.java:3515)
	at com.mysql.jdbc.MysqlIO.checkErrorPacket(MysqlIO.java:3447)
	at com.mysql.jdbc.MysqlIO.sendCommand(MysqlIO.java:1951)
	at com.mysql.jdbc.MysqlIO.sqlQueryDirect(MysqlIO.java:2101)
	at com.mysql.jdbc.ConnectionImpl.execSQL(ConnectionImpl.java:2554)
	at com.mysql.jdbc.PreparedStatement.executeInternal(PreparedStatement.java:1761)
	at com.mysql.jdbc.PreparedStatement.executeQuery(PreparedStatement.java:1912)
	at com.mchange.v2.c3p0.impl.NewProxyPreparedStatement.executeQuery(NewProxyPreparedStatement.java:76)
	at easyon.db.UsersBuddyTable.getBuddys(UsersBuddyTable.java:38)
	at easyon.app.Main.main(Main.java:46)


[WARNING] 2016-05-10 16:43:19 easyon.db.UsersBuddyTable.getBuddys()
com.mysql.jdbc.exceptions.jdbc4.MySQLSyntaxErrorException: You have an error in your SQL syntax; check the manual that corresponds to your MySQL server version for the right syntax to use near 'group FROM users_buddy WHERE userNo=1' at line 1
	at sun.reflect.NativeConstructorAccessorImpl.newInstance0(Native Method)
	at sun.reflect.NativeConstructorAccessorImpl.newInstance(Unknown Source)
	at sun.reflect.DelegatingConstructorAccessorImpl.newInstance(Unknown Source)
	at java.lang.reflect.Constructor.newInstance(Unknown Source)
	at com.mysql.jdbc.Util.handleNewInstance(Util.java:406)
	at com.mysql.jdbc.Util.getInstance(Util.java:381)
	at com.mysql.jdbc.SQLError.createSQLException(SQLError.java:1030)
	at com.mysql.jdbc.SQLError.createSQLException(SQLError.java:956)
	at com.mysql.jdbc.MysqlIO.checkErrorPacket(MysqlIO.java:3515)
	at com.mysql.jdbc.MysqlIO.checkErrorPacket(MysqlIO.java:3447)
	at com.mysql.jdbc.MysqlIO.sendCommand(MysqlIO.java:1951)
	at com.mysql.jdbc.MysqlIO.sqlQueryDirect(MysqlIO.java:2101)
	at com.mysql.jdbc.ConnectionImpl.execSQL(ConnectionImpl.java:2554)
	at com.mysql.jdbc.PreparedStatement.executeInternal(PreparedStatement.java:1761)
	at com.mysql.jdbc.PreparedStatement.executeQuery(PreparedStatement.java:1912)
	at com.mchange.v2.c3p0.impl.NewProxyPreparedStatement.executeQuery(NewProxyPreparedStatement.java:76)
	at easyon.db.UsersBuddyTable.getBuddys(UsersBuddyTable.java:38)
	at easyon.app.Main.main(Main.java:46)


[WARNING] 2016-05-10 16:43:42 easyon.db.UsersBuddyTable.getBuddys()
java.sql.SQLException: Column 'group' not found.
	at com.mysql.jdbc.SQLError.createSQLException(SQLError.java:1055)
	at com.mysql.jdbc.SQLError.createSQLException(SQLError.java:956)
	at com.mysql.jdbc.SQLError.createSQLException(SQLError.java:926)
	at com.mysql.jdbc.ResultSetImpl.findColumn(ResultSetImpl.java:1136)
	at com.mysql.jdbc.ResultSetImpl.getString(ResultSetImpl.java:5531)
	at com.mchange.v2.c3p0.impl.NewProxyResultSet.getString(NewProxyResultSet.java:3342)
	at easyon.db.UsersBuddyTable.getBuddys(UsersBuddyTable.java:41)
	at easyon.app.Main.main(Main.java:46)


[WARNING] 2016-05-10 16:48:26 easyon.db.UsersBuddyTable.getBuddys()
com.mysql.jdbc.exceptions.jdbc4.MySQLSyntaxErrorException: You have an error in your SQL syntax; check the manual that corresponds to your MySQL server version for the right syntax to use near 'group FROM users_buddy WHERE userNo=1' at line 1
	at sun.reflect.NativeConstructorAccessorImpl.newInstance0(Native Method)
	at sun.reflect.NativeConstructorAccessorImpl.newInstance(Unknown Source)
	at sun.reflect.DelegatingConstructorAccessorImpl.newInstance(Unknown Source)
	at java.lang.reflect.Constructor.newInstance(Unknown Source)
	at com.mysql.jdbc.Util.handleNewInstance(Util.java:406)
	at com.mysql.jdbc.Util.getInstance(Util.java:381)
	at com.mysql.jdbc.SQLError.createSQLException(SQLError.java:1030)
	at com.mysql.jdbc.SQLError.createSQLException(SQLError.java:956)
	at com.mysql.jdbc.MysqlIO.checkErrorPacket(MysqlIO.java:3515)
	at com.mysql.jdbc.MysqlIO.checkErrorPacket(MysqlIO.java:3447)
	at com.mysql.jdbc.MysqlIO.sendCommand(MysqlIO.java:1951)
	at com.mysql.jdbc.MysqlIO.sqlQueryDirect(MysqlIO.java:2101)
	at com.mysql.jdbc.ConnectionImpl.execSQL(ConnectionImpl.java:2554)
	at com.mysql.jdbc.PreparedStatement.executeInternal(PreparedStatement.java:1761)
	at com.mysql.jdbc.PreparedStatement.executeQuery(PreparedStatement.java:1912)
	at com.mchange.v2.c3p0.impl.NewProxyPreparedStatement.executeQuery(NewProxyPreparedStatement.java:76)
	at easyon.db.UsersBuddyTable.getBuddys(UsersBuddyTable.java:38)
	at easyon.app.Main.main(Main.java:46)


[WARNING] 2016-05-10 16:49:07 easyon.db.UsersBuddyTable.getBuddys()
com.mysql.jdbc.exceptions.jdbc4.MySQLSyntaxErrorException: You have an error in your SQL syntax; check the manual that corresponds to your MySQL server version for the right syntax to use near 'group FROM users_buddy WHERE userNo=1' at line 1
	at sun.reflect.NativeConstructorAccessorImpl.newInstance0(Native Method)
	at sun.reflect.NativeConstructorAccessorImpl.newInstance(Unknown Source)
	at sun.reflect.DelegatingConstructorAccessorImpl.newInstance(Unknown Source)
	at java.lang.reflect.Constructor.newInstance(Unknown Source)
	at com.mysql.jdbc.Util.handleNewInstance(Util.java:406)
	at com.mysql.jdbc.Util.getInstance(Util.java:381)
	at com.mysql.jdbc.SQLError.createSQLException(SQLError.java:1030)
	at com.mysql.jdbc.SQLError.createSQLException(SQLError.java:956)
	at com.mysql.jdbc.MysqlIO.checkErrorPacket(MysqlIO.java:3515)
	at com.mysql.jdbc.MysqlIO.checkErrorPacket(MysqlIO.java:3447)
	at com.mysql.jdbc.MysqlIO.sendCommand(MysqlIO.java:1951)
	at com.mysql.jdbc.MysqlIO.sqlQueryDirect(MysqlIO.java:2101)
	at com.mysql.jdbc.ConnectionImpl.execSQL(ConnectionImpl.java:2554)
	at com.mysql.jdbc.PreparedStatement.executeInternal(PreparedStatement.java:1761)
	at com.mysql.jdbc.PreparedStatement.executeQuery(PreparedStatement.java:1912)
	at com.mchange.v2.c3p0.impl.NewProxyPreparedStatement.executeQuery(NewProxyPreparedStatement.java:76)
	at easyon.db.UsersBuddyTable.getBuddys(UsersBuddyTable.java:38)
	at easyon.app.Main.main(Main.java:46)


[WARNING] 2016-05-10 16:50:23 easyon.db.UsersBuddyTable.getBuddys()
com.mysql.jdbc.exceptions.jdbc4.MySQLSyntaxErrorException: You have an error in your SQL syntax; check the manual that corresponds to your MySQL server version for the right syntax to use near 'group FROM users_buddy WHERE userNo=1' at line 1
	at sun.reflect.NativeConstructorAccessorImpl.newInstance0(Native Method)
	at sun.reflect.NativeConstructorAccessorImpl.newInstance(Unknown Source)
	at sun.reflect.DelegatingConstructorAccessorImpl.newInstance(Unknown Source)
	at java.lang.reflect.Constructor.newInstance(Unknown Source)
	at com.mysql.jdbc.Util.handleNewInstance(Util.java:406)
	at com.mysql.jdbc.Util.getInstance(Util.java:381)
	at com.mysql.jdbc.SQLError.createSQLException(SQLError.java:1030)
	at com.mysql.jdbc.SQLError.createSQLException(SQLError.java:956)
	at com.mysql.jdbc.MysqlIO.checkErrorPacket(MysqlIO.java:3515)
	at com.mysql.jdbc.MysqlIO.checkErrorPacket(MysqlIO.java:3447)
	at com.mysql.jdbc.MysqlIO.sendCommand(MysqlIO.java:1951)
	at com.mysql.jdbc.MysqlIO.sqlQueryDirect(MysqlIO.java:2101)
	at com.mysql.jdbc.ConnectionImpl.execSQL(ConnectionImpl.java:2554)
	at com.mysql.jdbc.PreparedStatement.executeInternal(PreparedStatement.java:1761)
	at com.mysql.jdbc.PreparedStatement.executeQuery(PreparedStatement.java:1912)
	at com.mchange.v2.c3p0.impl.NewProxyPreparedStatement.executeQuery(NewProxyPreparedStatement.java:76)
	at easyon.db.UsersBuddyTable.getBuddys(UsersBuddyTable.java:38)
	at easyon.app.Main.main(Main.java:46)


[WARNING] 2016-05-10 16:52:38 easyon.db.UsersBuddyTable.getBuddys()
com.mysql.jdbc.exceptions.jdbc4.MySQLSyntaxErrorException: You have an error in your SQL syntax; check the manual that corresponds to your MySQL server version for the right syntax to use near 'group FROM users_buddy WHERE userNo=1' at line 1
	at sun.reflect.NativeConstructorAccessorImpl.newInstance0(Native Method)
	at sun.reflect.NativeConstructorAccessorImpl.newInstance(Unknown Source)
	at sun.reflect.DelegatingConstructorAccessorImpl.newInstance(Unknown Source)
	at java.lang.reflect.Constructor.newInstance(Unknown Source)
	at com.mysql.jdbc.Util.handleNewInstance(Util.java:406)
	at com.mysql.jdbc.Util.getInstance(Util.java:381)
	at com.mysql.jdbc.SQLError.createSQLException(SQLError.java:1030)
	at com.mysql.jdbc.SQLError.createSQLException(SQLError.java:956)
	at com.mysql.jdbc.MysqlIO.checkErrorPacket(MysqlIO.java:3515)
	at com.mysql.jdbc.MysqlIO.checkErrorPacket(MysqlIO.java:3447)
	at com.mysql.jdbc.MysqlIO.sendCommand(MysqlIO.java:1951)
	at com.mysql.jdbc.MysqlIO.sqlQueryDirect(MysqlIO.java:2101)
	at com.mysql.jdbc.ConnectionImpl.execSQL(ConnectionImpl.java:2554)
	at com.mysql.jdbc.PreparedStatement.executeInternal(PreparedStatement.java:1761)
	at com.mysql.jdbc.PreparedStatement.executeQuery(PreparedStatement.java:1912)
	at com.mchange.v2.c3p0.impl.NewProxyPreparedStatement.executeQuery(NewProxyPreparedStatement.java:76)
	at easyon.db.UsersBuddyTable.getBuddys(UsersBuddyTable.java:38)
	at easyon.app.Main.main(Main.java:46)


[WARNING] 2016-05-11 01:45:04 easyon.server.EasyClient$PacketFactory.run()
java.lang.NullPointerException
	at easyon.server.packet.serverPacket.S_SearchResult.<init>(S_SearchResult.java:14)
	at easyon.server.packet.clientPacket.C_SearchUser.<init>(C_SearchUser.java:17)
	at easyon.server.EasyClient.packetHandler(EasyClient.java:130)
	at easyon.server.EasyClient.access$4(EasyClient.java:110)
	at easyon.server.EasyClient$PacketFactory.run(EasyClient.java:155)
	at java.util.concurrent.ThreadPoolExecutor.runWorker(Unknown Source)
	at java.util.concurrent.ThreadPoolExecutor$Worker.run(Unknown Source)
	at java.lang.Thread.run(Unknown Source)


[WARNING] 2016-05-12 02:24:02 easyon.db.UsersBuddyTable.removeBuddyRequest()
com.mysql.jdbc.exceptions.jdbc4.MySQLSyntaxErrorException: You have an error in your SQL syntax; check the manual that corresponds to your MySQL server version for the right syntax to use near 'WHERE userNo=6 AND buddyNo=1' at line 1
	at sun.reflect.NativeConstructorAccessorImpl.newInstance0(Native Method)
	at sun.reflect.NativeConstructorAccessorImpl.newInstance(Unknown Source)
	at sun.reflect.DelegatingConstructorAccessorImpl.newInstance(Unknown Source)
	at java.lang.reflect.Constructor.newInstance(Unknown Source)
	at com.mysql.jdbc.Util.handleNewInstance(Util.java:406)
	at com.mysql.jdbc.Util.getInstance(Util.java:381)
	at com.mysql.jdbc.SQLError.createSQLException(SQLError.java:1030)
	at com.mysql.jdbc.SQLError.createSQLException(SQLError.java:956)
	at com.mysql.jdbc.MysqlIO.checkErrorPacket(MysqlIO.java:3515)
	at com.mysql.jdbc.MysqlIO.checkErrorPacket(MysqlIO.java:3447)
	at com.mysql.jdbc.MysqlIO.sendCommand(MysqlIO.java:1951)
	at com.mysql.jdbc.MysqlIO.sqlQueryDirect(MysqlIO.java:2101)
	at com.mysql.jdbc.ConnectionImpl.execSQL(ConnectionImpl.java:2554)
	at com.mysql.jdbc.PreparedStatement.executeInternal(PreparedStatement.java:1761)
	at com.mysql.jdbc.PreparedStatement.execute(PreparedStatement.java:1021)
	at com.mchange.v2.c3p0.impl.NewProxyPreparedStatement.execute(NewProxyPreparedStatement.java:989)
	at easyon.db.UsersBuddyTable.removeBuddyRequest(UsersBuddyTable.java:139)
	at easyon.object.model.User.addBuddy(User.java:129)
	at easyon.server.packet.clientPacket.C_ResponeBuddy.<init>(C_ResponeBuddy.java:16)
	at easyon.server.EasyClient.packetHandler(EasyClient.java:138)
	at easyon.server.EasyClient.access$4(EasyClient.java:112)
	at easyon.server.EasyClient$PacketFactory.run(EasyClient.java:163)
	at java.util.concurrent.ThreadPoolExecutor.runWorker(Unknown Source)
	at java.util.concurrent.ThreadPoolExecutor$Worker.run(Unknown Source)
	at java.lang.Thread.run(Unknown Source)


[WARNING] 2016-05-12 22:03:09 easyon.db.UsersBuddyTable.removeBuddyRequest()
com.mysql.jdbc.exceptions.jdbc4.MySQLSyntaxErrorException: You have an error in your SQL syntax; check the manual that corresponds to your MySQL server version for the right syntax to use near 'WHERE userNo=6 AND buddyNo=1' at line 1
	at sun.reflect.NativeConstructorAccessorImpl.newInstance0(Native Method)
	at sun.reflect.NativeConstructorAccessorImpl.newInstance(Unknown Source)
	at sun.reflect.DelegatingConstructorAccessorImpl.newInstance(Unknown Source)
	at java.lang.reflect.Constructor.newInstance(Unknown Source)
	at com.mysql.jdbc.Util.handleNewInstance(Util.java:406)
	at com.mysql.jdbc.Util.getInstance(Util.java:381)
	at com.mysql.jdbc.SQLError.createSQLException(SQLError.java:1030)
	at com.mysql.jdbc.SQLError.createSQLException(SQLError.java:956)
	at com.mysql.jdbc.MysqlIO.checkErrorPacket(MysqlIO.java:3515)
	at com.mysql.jdbc.MysqlIO.checkErrorPacket(MysqlIO.java:3447)
	at com.mysql.jdbc.MysqlIO.sendCommand(MysqlIO.java:1951)
	at com.mysql.jdbc.MysqlIO.sqlQueryDirect(MysqlIO.java:2101)
	at com.mysql.jdbc.ConnectionImpl.execSQL(ConnectionImpl.java:2554)
	at com.mysql.jdbc.PreparedStatement.executeInternal(PreparedStatement.java:1761)
	at com.mysql.jdbc.PreparedStatement.execute(PreparedStatement.java:1021)
	at com.mchange.v2.c3p0.impl.NewProxyPreparedStatement.execute(NewProxyPreparedStatement.java:989)
	at easyon.db.UsersBuddyTable.removeBuddyRequest(UsersBuddyTable.java:170)
	at easyon.object.model.User.addBuddy(User.java:129)
	at easyon.server.packet.clientPacket.C_ResponeBuddy.<init>(C_ResponeBuddy.java:16)
	at easyon.server.EasyClient.packetHandler(EasyClient.java:138)
	at easyon.server.EasyClient.access$4(EasyClient.java:112)
	at easyon.server.EasyClient$PacketFactory.run(EasyClient.java:163)
	at java.util.concurrent.ThreadPoolExecutor.runWorker(Unknown Source)
	at java.util.concurrent.ThreadPoolExecutor$Worker.run(Unknown Source)
	at java.lang.Thread.run(Unknown Source)


[WARNING] 2016-05-12 22:03:10 easyon.db.UsersBuddyTable.removeBuddyRequest()
com.mysql.jdbc.exceptions.jdbc4.MySQLSyntaxErrorException: You have an error in your SQL syntax; check the manual that corresponds to your MySQL server version for the right syntax to use near 'WHERE userNo=6 AND buddyNo=2' at line 1
	at sun.reflect.NativeConstructorAccessorImpl.newInstance0(Native Method)
	at sun.reflect.NativeConstructorAccessorImpl.newInstance(Unknown Source)
	at sun.reflect.DelegatingConstructorAccessorImpl.newInstance(Unknown Source)
	at java.lang.reflect.Constructor.newInstance(Unknown Source)
	at com.mysql.jdbc.Util.handleNewInstance(Util.java:406)
	at com.mysql.jdbc.Util.getInstance(Util.java:381)
	at com.mysql.jdbc.SQLError.createSQLException(SQLError.java:1030)
	at com.mysql.jdbc.SQLError.createSQLException(SQLError.java:956)
	at com.mysql.jdbc.MysqlIO.checkErrorPacket(MysqlIO.java:3515)
	at com.mysql.jdbc.MysqlIO.checkErrorPacket(MysqlIO.java:3447)
	at com.mysql.jdbc.MysqlIO.sendCommand(MysqlIO.java:1951)
	at com.mysql.jdbc.MysqlIO.sqlQueryDirect(MysqlIO.java:2101)
	at com.mysql.jdbc.ConnectionImpl.execSQL(ConnectionImpl.java:2554)
	at com.mysql.jdbc.PreparedStatement.executeInternal(PreparedStatement.java:1761)
	at com.mysql.jdbc.PreparedStatement.execute(PreparedStatement.java:1021)
	at com.mchange.v2.c3p0.impl.NewProxyPreparedStatement.execute(NewProxyPreparedStatement.java:989)
	at easyon.db.UsersBuddyTable.removeBuddyRequest(UsersBuddyTable.java:170)
	at easyon.object.model.User.addBuddy(User.java:129)
	at easyon.server.packet.clientPacket.C_ResponeBuddy.<init>(C_ResponeBuddy.java:16)
	at easyon.server.EasyClient.packetHandler(EasyClient.java:138)
	at easyon.server.EasyClient.access$4(EasyClient.java:112)
	at easyon.server.EasyClient$PacketFactory.run(EasyClient.java:163)
	at java.util.concurrent.ThreadPoolExecutor.runWorker(Unknown Source)
	at java.util.concurrent.ThreadPoolExecutor$Worker.run(Unknown Source)
	at java.lang.Thread.run(Unknown Source)


[WARNING] 2016-05-12 22:03:11 easyon.db.UsersBuddyTable.removeBuddyRequest()
com.mysql.jdbc.exceptions.jdbc4.MySQLSyntaxErrorException: You have an error in your SQL syntax; check the manual that corresponds to your MySQL server version for the right syntax to use near 'WHERE userNo=6 AND buddyNo=3' at line 1
	at sun.reflect.NativeConstructorAccessorImpl.newInstance0(Native Method)
	at sun.reflect.NativeConstructorAccessorImpl.newInstance(Unknown Source)
	at sun.reflect.DelegatingConstructorAccessorImpl.newInstance(Unknown Source)
	at java.lang.reflect.Constructor.newInstance(Unknown Source)
	at com.mysql.jdbc.Util.handleNewInstance(Util.java:406)
	at com.mysql.jdbc.Util.getInstance(Util.java:381)
	at com.mysql.jdbc.SQLError.createSQLException(SQLError.java:1030)
	at com.mysql.jdbc.SQLError.createSQLException(SQLError.java:956)
	at com.mysql.jdbc.MysqlIO.checkErrorPacket(MysqlIO.java:3515)
	at com.mysql.jdbc.MysqlIO.checkErrorPacket(MysqlIO.java:3447)
	at com.mysql.jdbc.MysqlIO.sendCommand(MysqlIO.java:1951)
	at com.mysql.jdbc.MysqlIO.sqlQueryDirect(MysqlIO.java:2101)
	at com.mysql.jdbc.ConnectionImpl.execSQL(ConnectionImpl.java:2554)
	at com.mysql.jdbc.PreparedStatement.executeInternal(PreparedStatement.java:1761)
	at com.mysql.jdbc.PreparedStatement.execute(PreparedStatement.java:1021)
	at com.mchange.v2.c3p0.impl.NewProxyPreparedStatement.execute(NewProxyPreparedStatement.java:989)
	at easyon.db.UsersBuddyTable.removeBuddyRequest(UsersBuddyTable.java:170)
	at easyon.object.model.User.addBuddy(User.java:129)
	at easyon.server.packet.clientPacket.C_ResponeBuddy.<init>(C_ResponeBuddy.java:16)
	at easyon.server.EasyClient.packetHandler(EasyClient.java:138)
	at easyon.server.EasyClient.access$4(EasyClient.java:112)
	at easyon.server.EasyClient$PacketFactory.run(EasyClient.java:163)
	at java.util.concurrent.ThreadPoolExecutor.runWorker(Unknown Source)
	at java.util.concurrent.ThreadPoolExecutor$Worker.run(Unknown Source)
	at java.lang.Thread.run(Unknown Source)


[WARNING] 2016-05-18 20:19:32 easyon.db.ChatTable.getChats()
java.sql.SQLException: No value specified for parameter 1
	at com.mysql.jdbc.SQLError.createSQLException(SQLError.java:1055)
	at com.mysql.jdbc.SQLError.createSQLException(SQLError.java:956)
	at com.mysql.jdbc.SQLError.createSQLException(SQLError.java:926)
	at com.mysql.jdbc.PreparedStatement.fillSendPacket(PreparedStatement.java:2214)
	at com.mysql.jdbc.PreparedStatement.fillSendPacket(PreparedStatement.java:2138)
	at com.mysql.jdbc.PreparedStatement.executeQuery(PreparedStatement.java:1853)
	at com.mchange.v2.c3p0.impl.NewProxyPreparedStatement.executeQuery(NewProxyPreparedStatement.java:76)
	at easyon.db.ChatTable.getChats(ChatTable.java:91)
	at easyon.object.model.User.login(User.java:194)
	at easyon.server.packet.clientPacket.C_Login.<init>(C_Login.java:33)
	at easyon.server.EasyClient.packetHandler(EasyClient.java:126)
	at easyon.server.EasyClient.access$4(EasyClient.java:112)
	at easyon.server.EasyClient$PacketFactory.run(EasyClient.java:163)
	at java.util.concurrent.ThreadPoolExecutor.runWorker(Unknown Source)
	at java.util.concurrent.ThreadPoolExecutor$Worker.run(Unknown Source)
	at java.lang.Thread.run(Unknown Source)


[WARNING] 2016-05-18 20:26:13 easyon.db.ChatTable.getChatMemberList()
java.sql.SQLException: No value specified for parameter 1
	at com.mysql.jdbc.SQLError.createSQLException(SQLError.java:1055)
	at com.mysql.jdbc.SQLError.createSQLException(SQLError.java:956)
	at com.mysql.jdbc.SQLError.createSQLException(SQLError.java:926)
	at com.mysql.jdbc.PreparedStatement.fillSendPacket(PreparedStatement.java:2214)
	at com.mysql.jdbc.PreparedStatement.fillSendPacket(PreparedStatement.java:2138)
	at com.mysql.jdbc.PreparedStatement.executeQuery(PreparedStatement.java:1853)
	at com.mchange.v2.c3p0.impl.NewProxyPreparedStatement.executeQuery(NewProxyPreparedStatement.java:76)
	at easyon.db.ChatTable.getChatMemberList(ChatTable.java:64)
	at easyon.db.ChatTable.getAllChats(ChatTable.java:43)
	at easyon.app.Main.main(Main.java:42)


[WARNING] 2016-05-20 01:34:17 easyon.db.ChatTable.getChatLogs()
java.sql.SQLException: Column 'chatNo' not found.
	at com.mysql.jdbc.SQLError.createSQLException(SQLError.java:1055)
	at com.mysql.jdbc.SQLError.createSQLException(SQLError.java:956)
	at com.mysql.jdbc.SQLError.createSQLException(SQLError.java:926)
	at com.mysql.jdbc.ResultSetImpl.findColumn(ResultSetImpl.java:1136)
	at com.mysql.jdbc.ResultSetImpl.getInt(ResultSetImpl.java:2777)
	at com.mchange.v2.c3p0.impl.NewProxyResultSet.getInt(NewProxyResultSet.java:2573)
	at easyon.db.ChatTable.getChatLogs(ChatTable.java:124)
	at easyon.server.packet.clientPacket.C_Chat.<init>(C_Chat.java:31)
	at easyon.server.EasyClient.packetHandler(EasyClient.java:138)
	at easyon.server.EasyClient.access$4(EasyClient.java:112)
	at easyon.server.EasyClient$PacketFactory.run(EasyClient.java:163)
	at java.util.concurrent.ThreadPoolExecutor.runWorker(Unknown Source)
	at java.util.concurrent.ThreadPoolExecutor$Worker.run(Unknown Source)
	at java.lang.Thread.run(Unknown Source)


[WARNING] 2016-05-20 01:34:47 easyon.db.ChatTable.getChatLogs()
java.sql.SQLException: Column 'chatNo' not found.
	at com.mysql.jdbc.SQLError.createSQLException(SQLError.java:1055)
	at com.mysql.jdbc.SQLError.createSQLException(SQLError.java:956)
	at com.mysql.jdbc.SQLError.createSQLException(SQLError.java:926)
	at com.mysql.jdbc.ResultSetImpl.findColumn(ResultSetImpl.java:1136)
	at com.mysql.jdbc.ResultSetImpl.getInt(ResultSetImpl.java:2777)
	at com.mchange.v2.c3p0.impl.NewProxyResultSet.getInt(NewProxyResultSet.java:2573)
	at easyon.db.ChatTable.getChatLogs(ChatTable.java:124)
	at easyon.server.packet.clientPacket.C_Chat.<init>(C_Chat.java:31)
	at easyon.server.EasyClient.packetHandler(EasyClient.java:138)
	at easyon.server.EasyClient.access$4(EasyClient.java:112)
	at easyon.server.EasyClient$PacketFactory.run(EasyClient.java:163)
	at java.util.concurrent.ThreadPoolExecutor.runWorker(Unknown Source)
	at java.util.concurrent.ThreadPoolExecutor$Worker.run(Unknown Source)
	at java.lang.Thread.run(Unknown Source)


[WARNING] 2016-05-20 01:35:07 easyon.db.ChatTable.getChatLogs()
java.sql.SQLException: Column 'chatNo' not found.
	at com.mysql.jdbc.SQLError.createSQLException(SQLError.java:1055)
	at com.mysql.jdbc.SQLError.createSQLException(SQLError.java:956)
	at com.mysql.jdbc.SQLError.createSQLException(SQLError.java:926)
	at com.mysql.jdbc.ResultSetImpl.findColumn(ResultSetImpl.java:1136)
	at com.mysql.jdbc.ResultSetImpl.getInt(ResultSetImpl.java:2777)
	at com.mchange.v2.c3p0.impl.NewProxyResultSet.getInt(NewProxyResultSet.java:2573)
	at easyon.db.ChatTable.getChatLogs(ChatTable.java:124)
	at easyon.server.packet.clientPacket.C_Chat.<init>(C_Chat.java:31)
	at easyon.server.EasyClient.packetHandler(EasyClient.java:138)
	at easyon.server.EasyClient.access$4(EasyClient.java:112)
	at easyon.server.EasyClient$PacketFactory.run(EasyClient.java:163)
	at java.util.concurrent.ThreadPoolExecutor.runWorker(Unknown Source)
	at java.util.concurrent.ThreadPoolExecutor$Worker.run(Unknown Source)
	at java.lang.Thread.run(Unknown Source)


[WARNING] 2016-05-21 02:31:24 easyon.db.ChatTable.addChatLog()
java.sql.SQLException: No value specified for parameter 5
	at com.mysql.jdbc.SQLError.createSQLException(SQLError.java:1055)
	at com.mysql.jdbc.SQLError.createSQLException(SQLError.java:956)
	at com.mysql.jdbc.SQLError.createSQLException(SQLError.java:926)
	at com.mysql.jdbc.PreparedStatement.fillSendPacket(PreparedStatement.java:2214)
	at com.mysql.jdbc.PreparedStatement.fillSendPacket(PreparedStatement.java:2138)
	at com.mysql.jdbc.PreparedStatement.execute(PreparedStatement.java:957)
	at com.mchange.v2.c3p0.impl.NewProxyPreparedStatement.execute(NewProxyPreparedStatement.java:989)
	at easyon.db.ChatTable.addChatLog(ChatTable.java:175)
	at easyon.server.packet.clientPacket.C_Chat.<init>(C_Chat.java:51)
	at easyon.server.EasyClient.packetHandler(EasyClient.java:138)
	at easyon.server.EasyClient.access$4(EasyClient.java:112)
	at easyon.server.EasyClient$PacketFactory.run(EasyClient.java:163)
	at java.util.concurrent.ThreadPoolExecutor.runWorker(Unknown Source)
	at java.util.concurrent.ThreadPoolExecutor$Worker.run(Unknown Source)
	at java.lang.Thread.run(Unknown Source)


[WARNING] 2016-06-05 01:04:17 easyon.db.MemoTable.getMemoList()
java.sql.SQLException: Parameter index out of range (2 > number of parameters, which is 1).
	at com.mysql.jdbc.SQLError.createSQLException(SQLError.java:1055)
	at com.mysql.jdbc.SQLError.createSQLException(SQLError.java:956)
	at com.mysql.jdbc.SQLError.createSQLException(SQLError.java:926)
	at com.mysql.jdbc.PreparedStatement.checkBounds(PreparedStatement.java:3326)
	at com.mysql.jdbc.PreparedStatement.setInternal(PreparedStatement.java:3310)
	at com.mysql.jdbc.PreparedStatement.setInternal(PreparedStatement.java:3352)
	at com.mysql.jdbc.PreparedStatement.setInt(PreparedStatement.java:3296)
	at com.mchange.v2.c3p0.impl.NewProxyPreparedStatement.setInt(NewProxyPreparedStatement.java:677)
	at easyon.db.MemoTable.getMemoList(MemoTable.java:91)
	at easyon.server.packet.clientPacket.C_Memo.<init>(C_Memo.java:43)
	at easyon.server.EasyClient.packetHandler(EasyClient.java:138)
	at easyon.server.EasyClient.access$4(EasyClient.java:112)
	at easyon.server.EasyClient$PacketFactory.run(EasyClient.java:163)
	at java.util.concurrent.ThreadPoolExecutor.runWorker(Unknown Source)
	at java.util.concurrent.ThreadPoolExecutor$Worker.run(Unknown Source)
	at java.lang.Thread.run(Unknown Source)


[WARNING] 2016-06-05 01:06:06 easyon.db.MemoTable.getMemoList()
java.sql.SQLException: Parameter index out of range (2 > number of parameters, which is 1).
	at com.mysql.jdbc.SQLError.createSQLException(SQLError.java:1055)
	at com.mysql.jdbc.SQLError.createSQLException(SQLError.java:956)
	at com.mysql.jdbc.SQLError.createSQLException(SQLError.java:926)
	at com.mysql.jdbc.PreparedStatement.checkBounds(PreparedStatement.java:3326)
	at com.mysql.jdbc.PreparedStatement.setInternal(PreparedStatement.java:3310)
	at com.mysql.jdbc.PreparedStatement.setInternal(PreparedStatement.java:3352)
	at com.mysql.jdbc.PreparedStatement.setInt(PreparedStatement.java:3296)
	at com.mchange.v2.c3p0.impl.NewProxyPreparedStatement.setInt(NewProxyPreparedStatement.java:677)
	at easyon.db.MemoTable.getMemoList(MemoTable.java:91)
	at easyon.server.packet.clientPacket.C_Memo.<init>(C_Memo.java:43)
	at easyon.server.EasyClient.packetHandler(EasyClient.java:138)
	at easyon.server.EasyClient.access$4(EasyClient.java:112)
	at easyon.server.EasyClient$PacketFactory.run(EasyClient.java:163)
	at java.util.concurrent.ThreadPoolExecutor.runWorker(Unknown Source)
	at java.util.concurrent.ThreadPoolExecutor$Worker.run(Unknown Source)
	at java.lang.Thread.run(Unknown Source)


[WARNING] 2016-06-05 16:35:39 easyon.db.UsersBuddyTable.updateGroups()
com.mysql.jdbc.exceptions.jdbc4.MySQLSyntaxErrorException: You have an error in your SQL syntax; check the manual that corresponds to your MySQL server version for the right syntax to use near 'userNo=2, groupNames='?¢¬¡Æ??¢æ,?©ö©«???,'' at line 1
	at sun.reflect.NativeConstructorAccessorImpl.newInstance0(Native Method)
	at sun.reflect.NativeConstructorAccessorImpl.newInstance(Unknown Source)
	at sun.reflect.DelegatingConstructorAccessorImpl.newInstance(Unknown Source)
	at java.lang.reflect.Constructor.newInstance(Unknown Source)
	at com.mysql.jdbc.Util.handleNewInstance(Util.java:406)
	at com.mysql.jdbc.Util.getInstance(Util.java:381)
	at com.mysql.jdbc.SQLError.createSQLException(SQLError.java:1030)
	at com.mysql.jdbc.SQLError.createSQLException(SQLError.java:956)
	at com.mysql.jdbc.MysqlIO.checkErrorPacket(MysqlIO.java:3515)
	at com.mysql.jdbc.MysqlIO.checkErrorPacket(MysqlIO.java:3447)
	at com.mysql.jdbc.MysqlIO.sendCommand(MysqlIO.java:1951)
	at com.mysql.jdbc.MysqlIO.sqlQueryDirect(MysqlIO.java:2101)
	at com.mysql.jdbc.ConnectionImpl.execSQL(ConnectionImpl.java:2554)
	at com.mysql.jdbc.PreparedStatement.executeInternal(PreparedStatement.java:1761)
	at com.mysql.jdbc.PreparedStatement.execute(PreparedStatement.java:1021)
	at com.mchange.v2.c3p0.impl.NewProxyPreparedStatement.execute(NewProxyPreparedStatement.java:989)
	at easyon.db.UsersBuddyTable.updateGroups(UsersBuddyTable.java:256)
	at easyon.server.packet.clientPacket.C_UpdateGroup.<init>(C_UpdateGroup.java:24)
	at easyon.server.EasyClient.packetHandler(EasyClient.java:135)
	at easyon.server.EasyClient.access$4(EasyClient.java:112)
	at easyon.server.EasyClient$PacketFactory.run(EasyClient.java:163)
	at java.util.concurrent.ThreadPoolExecutor.runWorker(Unknown Source)
	at java.util.concurrent.ThreadPoolExecutor$Worker.run(Unknown Source)
	at java.lang.Thread.run(Unknown Source)


[WARNING] 2016-06-05 17:28:43 easyon.db.UsersTable.join()
java.lang.NullPointerException
	at easyon.db.UsersTable.join(UsersTable.java:72)
	at easyon.server.packet.clientPacket.C_Join.<init>(C_Join.java:21)
	at easyon.server.EasyClient.packetHandler(EasyClient.java:142)
	at easyon.server.EasyClient.access$4(EasyClient.java:113)
	at easyon.server.EasyClient$PacketFactory.run(EasyClient.java:167)
	at java.util.concurrent.ThreadPoolExecutor.runWorker(Unknown Source)
	at java.util.concurrent.ThreadPoolExecutor$Worker.run(Unknown Source)
	at java.lang.Thread.run(Unknown Source)


[WARNING] 2016-06-05 17:30:01 easyon.db.UsersTable.join()
java.lang.NullPointerException
	at easyon.db.UsersTable.join(UsersTable.java:72)
	at easyon.server.packet.clientPacket.C_Join.<init>(C_Join.java:23)
	at easyon.server.EasyClient.packetHandler(EasyClient.java:142)
	at easyon.server.EasyClient.access$4(EasyClient.java:113)
	at easyon.server.EasyClient$PacketFactory.run(EasyClient.java:167)
	at java.util.concurrent.ThreadPoolExecutor.runWorker(Unknown Source)
	at java.util.concurrent.ThreadPoolExecutor$Worker.run(Unknown Source)
	at java.lang.Thread.run(Unknown Source)


